# JRE version: Java(TM) SE Runtime Environment (8.0_202-b08) (build 1.8.0_202-b08)
# Java VM: Java HotSpot(TM) 64-Bit Server VM (25.202-b08 mixed mode windows-amd64 compressed oops)
Heap:
 PSYoungGen      total 418816K, used 385701K [0x00000000e0000000, 0x00000000ffa80000, 0x0000000100000000)
  eden space 363520K, 100% used [0x00000000e0000000,0x00000000f6300000,0x00000000f6300000)
  from space 55296K, 40% used [0x00000000f6300000,0x00000000f78a9438,0x00000000f9900000)
  to   space 52736K, 37% used [0x00000000fc700000,0x00000000fda77808,0x00000000ffa80000)
 ParOldGen       total 920576K, used 631958K [0x00000000a0000000, 0x00000000d8300000, 0x00000000e0000000)
  object space 920576K, 68% used [0x00000000a0000000,0x00000000c6925ba8,0x00000000d8300000)
 Metaspace       used 107801K, capacity 113990K, committed 114072K, reserved 1148928K
  class space    used 14375K, capacity 15506K, committed 15512K, reserved 1048576K
GC Heap History (10 events):
Event: 44.449 GC heap after
Heap after GC invocations=19 (full 3):
 PSYoungGen      total 375808K, used 26261K [0x00000000e0000000, 0x00000000faf00000, 0x0000000100000000)
  eden space 312320K, 0% used [0x00000000e0000000,0x00000000e0000000,0x00000000f3100000)
  from space 63488K, 41% used [0x00000000f6c00000,0x00000000f85a57a8,0x00000000faa00000)
  to   space 60416K, 0% used [0x00000000f3100000,0x00000000f3100000,0x00000000f6c00000)
 ParOldGen       total 232448K, used 152006K [0x00000000a0000000, 0x00000000ae300000, 0x00000000e0000000)
  object space 232448K, 65% used [0x00000000a0000000,0x00000000a9471868,0x00000000ae300000)
 Metaspace       used 93968K, capacity 98530K, committed 98600K, reserved 1134592K
  class space    used 12704K, capacity 13522K, committed 13592K, reserved 1048576K
}
Event: 44.449 GC heap before
{Heap before GC invocations=20 (full 4):
 PSYoungGen      total 375808K, used 26261K [0x00000000e0000000, 0x00000000faf00000, 0x0000000100000000)
  eden space 312320K, 0% used [0x00000000e0000000,0x00000000e0000000,0x00000000f3100000)
  from space 63488K, 41% used [0x00000000f6c00000,0x00000000f85a57a8,0x00000000faa00000)
  to   space 60416K, 0% used [0x00000000f3100000,0x00000000f3100000,0x00000000f6c00000)
 ParOldGen       total 232448K, used 152006K [0x00000000a0000000, 0x00000000ae300000, 0x00000000e0000000)
  object space 232448K, 65% used [0x00000000a0000000,0x00000000a9471868,0x00000000ae300000)
 Metaspace       used 93968K, capacity 98530K, committed 98600K, reserved 1134592K
  class space    used 12704K, capacity 13522K, committed 13592K, reserved 1048576K
Event: 44.809 GC heap after
Heap after GC invocations=20 (full 4):
 PSYoungGen      total 375808K, used 0K [0x00000000e0000000, 0x00000000faf00000, 0x0000000100000000)
  eden space 312320K, 0% used [0x00000000e0000000,0x00000000e0000000,0x00000000f3100000)
  from space 63488K, 0% used [0x00000000f6c00000,0x00000000f6c00000,0x00000000faa00000)
  to   space 60416K, 0% used [0x00000000f3100000,0x00000000f3100000,0x00000000f6c00000)
 ParOldGen       total 396288K, used 108029K [0x00000000a0000000, 0x00000000b8300000, 0x00000000e0000000)
  object space 396288K, 27% used [0x00000000a0000000,0x00000000a697f4e0,0x00000000b8300000)
 Metaspace       used 92835K, capacity 96802K, committed 98600K, reserved 1134592K
  class space    used 12488K, capacity 13222K, committed 13592K, reserved 1048576K
}
Event: 47.144 GC heap before
{Heap before GC invocations=21 (full 4):
 PSYoungGen      total 375808K, used 312320K [0x00000000e0000000, 0x00000000faf00000, 0x0000000100000000)
  eden space 312320K, 100% used [0x00000000e0000000,0x00000000f3100000,0x00000000f3100000)
  from space 63488K, 0% used [0x00000000f6c00000,0x00000000f6c00000,0x00000000faa00000)
  to   space 60416K, 0% used [0x00000000f3100000,0x00000000f3100000,0x00000000f6c00000)
 ParOldGen       total 396288K, used 108029K [0x00000000a0000000, 0x00000000b8300000, 0x00000000e0000000)
  object space 396288K, 27% used [0x00000000a0000000,0x00000000a697f4e0,0x00000000b8300000)
 Metaspace       used 99729K, capacity 105040K, committed 105368K, reserved 1140736K
  class space    used 13645K, capacity 14647K, committed 14744K, reserved 1048576K
Event: 47.166 GC heap after
Heap after GC invocations=21 (full 4):
 PSYoungGen      total 372736K, used 12724K [0x00000000e0000000, 0x00000000fd480000, 0x0000000100000000)
  eden space 312320K, 0% used [0x00000000e0000000,0x00000000e0000000,0x00000000f3100000)
  from space 60416K, 21% used [0x00000000f3100000,0x00000000f3d6d150,0x00000000f6c00000)
  to   space 58880K, 0% used [0x00000000f9b00000,0x00000000f9b00000,0x00000000fd480000)
 ParOldGen       total 396288K, used 108037K [0x00000000a0000000, 0x00000000b8300000, 0x00000000e0000000)
  object space 396288K, 27% used [0x00000000a0000000,0x00000000a69814e0,0x00000000b8300000)
 Metaspace       used 99729K, capacity 105040K, committed 105368K, reserved 1140736K
  class space    used 13645K, capacity 14647K, committed 14744K, reserved 1048576K
}
Event: 48.835 GC heap before
{Heap before GC invocations=22 (full 4):
 PSYoungGen      total 372736K, used 325044K [0x00000000e0000000, 0x00000000fd480000, 0x0000000100000000)
  eden space 312320K, 100% used [0x00000000e0000000,0x00000000f3100000,0x00000000f3100000)
  from space 60416K, 21% used [0x00000000f3100000,0x00000000f3d6d150,0x00000000f6c00000)
  to   space 58880K, 0% used [0x00000000f9b00000,0x00000000f9b00000,0x00000000fd480000)
 ParOldGen       total 396288K, used 108037K [0x00000000a0000000, 0x00000000b8300000, 0x00000000e0000000)
  object space 396288K, 27% used [0x00000000a0000000,0x00000000a69814e0,0x00000000b8300000)
 Metaspace       used 101371K, capacity 106990K, committed 107032K, reserved 1140736K
  class space    used 13797K, capacity 14834K, committed 14872K, reserved 1048576K
Event: 48.866 GC heap after
Heap after GC invocations=22 (full 4):
 PSYoungGen      total 416768K, used 23594K [0x00000000e0000000, 0x00000000fcf00000, 0x0000000100000000)
  eden space 363520K, 0% used [0x00000000e0000000,0x00000000e0000000,0x00000000f6300000)
  from space 53248K, 44% used [0x00000000f9b00000,0x00000000fb20a940,0x00000000fcf00000)
  to   space 55296K, 0% used [0x00000000f6300000,0x00000000f6300000,0x00000000f9900000)
 ParOldGen       total 396288K, used 108045K [0x00000000a0000000, 0x00000000b8300000, 0x00000000e0000000)
  object space 396288K, 27% used [0x00000000a0000000,0x00000000a69834e0,0x00000000b8300000)
 Metaspace       used 101371K, capacity 106990K, committed 107032K, reserved 1140736K
  class space    used 13797K, capacity 14834K, committed 14872K, reserved 1048576K
}
Event: 330.863 GC heap before
{Heap before GC invocations=23 (full 4):
 PSYoungGen      total 416768K, used 387114K [0x00000000e0000000, 0x00000000fcf00000, 0x0000000100000000)
  eden space 363520K, 100% used [0x00000000e0000000,0x00000000f6300000,0x00000000f6300000)
  from space 53248K, 44% used [0x00000000f9b00000,0x00000000fb20a940,0x00000000fcf00000)
  to   space 55296K, 0% used [0x00000000f6300000,0x00000000f6300000,0x00000000f9900000)
 ParOldGen       total 396288K, used 108045K [0x00000000a0000000, 0x00000000b8300000, 0x00000000e0000000)
  object space 396288K, 27% used [0x00000000a0000000,0x00000000a69834e0,0x00000000b8300000)
 Metaspace       used 106481K, capacity 112460K, committed 112664K, reserved 1146880K
  class space    used 14242K, capacity 15355K, committed 15384K, reserved 1048576K
Event: 330.898 GC heap after
Heap after GC invocations=23 (full 4):
 PSYoungGen      total 418816K, used 22181K [0x00000000e0000000, 0x00000000ffa80000, 0x0000000100000000)
  eden space 363520K, 0% used [0x00000000e0000000,0x00000000e0000000,0x00000000f6300000)
  from space 55296K, 40% used [0x00000000f6300000,0x00000000f78a9438,0x00000000f9900000)
  to   space 52736K, 0% used [0x00000000fc700000,0x00000000fc700000,0x00000000ffa80000)
 ParOldGen       total 396288K, used 108053K [0x00000000a0000000, 0x00000000b8300000, 0x00000000e0000000)
  object space 396288K, 27% used [0x00000000a0000000,0x00000000a69854e0,0x00000000b8300000)
 Metaspace       used 106481K, capacity 112460K, committed 112664K, reserved 1146880K
  class space    used 14242K, capacity 15355K, committed 15384K, reserved 1048576K
}
Event: 334.850 GC heap before
{Heap before GC invocations=24 (full 4):
 PSYoungGen      total 418816K, used 385701K [0x00000000e0000000, 0x00000000ffa80000, 0x0000000100000000)
  eden space 363520K, 100% used [0x00000000e0000000,0x00000000f6300000,0x00000000f6300000)
  from space 55296K, 40% used [0x00000000f6300000,0x00000000f78a9438,0x00000000f9900000)
  to   space 52736K, 0% used [0x00000000fc700000,0x00000000fc700000,0x00000000ffa80000)
 ParOldGen       total 396288K, used 108053K [0x00000000a0000000, 0x00000000b8300000, 0x00000000e0000000)
  object space 396288K, 27% used [0x00000000a0000000,0x00000000a69854e0,0x00000000b8300000)
 Metaspace       used 107801K, capacity 113990K, committed 114072K, reserved 1148928K
  class space    used 14375K, capacity 15506K, committed 15512K, reserved 1048576K

